<?xml version="1.0" encoding="UTF-8"?>
<testng-results ignored="0" total="1" passed="1" failed="0" skipped="0">
  <reporter-output>
  </reporter-output>
  <suite started-at="2024-12-04T17:48:51 IST" name="Default suite" finished-at="2024-12-04T17:48:53 IST" duration-ms="2278">
    <groups>
    </groups>
    <test started-at="2024-12-04T17:48:51 IST" name="Default test" finished-at="2024-12-04T17:48:53 IST" duration-ms="2278">
      <class name="Demo.Demo6">
        <test-method signature="user()[pri:0, instance:Demo.Demo6@7b9a4292]" started-at="2024-12-04T17:48:51 IST" name="user" finished-at="2024-12-04T17:48:53 IST" duration-ms="2226" status="PASS">
          <reporter-output>
          </reporter-output>
        </test-method> <!-- user -->
      </class> <!-- Demo.Demo6 -->
    </test> <!-- Default test -->
  </suite> <!-- Default suite -->
</testng-results>
